============================================================
Time  2022/07/27 14:53:01 531 
============================================================
[2022/07/27 14:53:01 531] lgi        684  SYS_MSG_LOAD  
[2022/07/27 14:53:01 532] lgi        706  SYS_MSG_REGCB  msp_status_cb  func(900136b0) 
[2022/07/27 14:53:01 532] lgi        298  LGI_MSG_INIT  
[2022/07/27 14:53:01 532] lgi        305  lgi  lgi_  268436457  1573451739  
[2022/07/27 14:53:01 532] lgi        403  token:  nil  
[2022/07/27 14:53:01 532] lgi        476  msc cver : 5.0.44.1288  
[2022/07/27 14:53:01 532] lgi        519  ns_enable=  1  
[2022/07/27 14:53:01 532] lgi        531  prot_ver=1  
[2022/07/27 14:53:01 532] lgi        542  prot_type=tcp  
[2022/07/27 14:53:01 533] lgi        693  SYS_MSG_UNLOAD  go bg!  
[2022/07/27 14:53:42 265] lgi        697  SYS_MSG_SHUTDOWN  
============================================================
Time  2022/07/27 15:16:43 275 
============================================================
[2022/07/27 15:16:43 275] lgi        684  SYS_MSG_LOAD  
[2022/07/27 15:16:43 276] lgi        706  SYS_MSG_REGCB  msp_status_cb  func(136b0) 
[2022/07/27 15:16:43 276] lgi        298  LGI_MSG_INIT  
[2022/07/27 15:16:43 276] lgi        305  lgi  lgi_  268436457  1573451739  
[2022/07/27 15:16:43 276] lgi        403  token:  nil  
[2022/07/27 15:16:43 276] lgi        476  msc cver : 5.0.44.1288  
[2022/07/27 15:16:43 276] lgi        519  ns_enable=  1  
[2022/07/27 15:16:43 276] lgi        531  prot_ver=1  
[2022/07/27 15:16:43 276] lgi        542  prot_type=tcp  
[2022/07/27 15:16:43 277] lgi        693  SYS_MSG_UNLOAD  go bg!  
[2022/07/27 15:17:19 903] lgi        697  SYS_MSG_SHUTDOWN  
============================================================
Time  2022/07/27 15:17:29 539 
============================================================
[2022/07/27 15:17:29 539] lgi        684  SYS_MSG_LOAD  
[2022/07/27 15:17:29 540] lgi        706  SYS_MSG_REGCB  msp_status_cb  func(4c0136b0) 
[2022/07/27 15:17:29 540] lgi        298  LGI_MSG_INIT  
[2022/07/27 15:17:29 540] lgi        305  lgi  lgi_  268436457  1573451739  
[2022/07/27 15:17:29 540] lgi        403  token:  nil  
[2022/07/27 15:17:29 540] lgi        476  msc cver : 5.0.44.1288  
[2022/07/27 15:17:29 540] lgi        519  ns_enable=  1  
[2022/07/27 15:17:29 541] lgi        531  prot_ver=1  
[2022/07/27 15:17:29 541] lgi        542  prot_type=tcp  
[2022/07/27 15:17:29 541] lgi        693  SYS_MSG_UNLOAD  go bg!  
[2022/07/27 15:18:07 593] lgi        697  SYS_MSG_SHUTDOWN  
============================================================
Time  2022/07/27 15:18:28 115 
============================================================
[2022/07/27 15:18:28 115] lgi        684  SYS_MSG_LOAD  
[2022/07/27 15:18:28 116] lgi        706  SYS_MSG_REGCB  msp_status_cb  func(980136b0) 
[2022/07/27 15:18:28 117] lgi        298  LGI_MSG_INIT  
[2022/07/27 15:18:28 117] lgi        305  lgi  lgi_  268436457  1573451739  
[2022/07/27 15:18:28 117] lgi        403  token:  nil  
[2022/07/27 15:18:28 117] lgi        476  msc cver : 5.0.44.1288  
[2022/07/27 15:18:28 117] lgi        519  ns_enable=  1  
[2022/07/27 15:18:28 123] lgi        531  prot_ver=1  
[2022/07/27 15:18:28 123] lgi        542  prot_type=tcp  
[2022/07/27 15:18:28 123] lgi        693  SYS_MSG_UNLOAD  go bg!  
[2022/07/27 15:19:06 236] lgi        697  SYS_MSG_SHUTDOWN  
============================================================
Time  2022/07/27 15:19:09 456 
============================================================
[2022/07/27 15:19:09 456] lgi        684  SYS_MSG_LOAD  
[2022/07/27 15:19:09 456] lgi        706  SYS_MSG_REGCB  msp_status_cb  func(b80136b0) 
[2022/07/27 15:19:09 456] lgi        298  LGI_MSG_INIT  
[2022/07/27 15:19:09 456] lgi        305  lgi  lgi_  268436457  1573451739  
[2022/07/27 15:19:09 457] lgi        403  token:  nil  
[2022/07/27 15:19:09 457] lgi        476  msc cver : 5.0.44.1288  
[2022/07/27 15:19:09 457] lgi        519  ns_enable=  1  
[2022/07/27 15:19:09 457] lgi        531  prot_ver=1  
[2022/07/27 15:19:09 457] lgi        542  prot_type=tcp  
[2022/07/27 15:19:09 457] lgi        693  SYS_MSG_UNLOAD  go bg!  
============================================================
Time  2022/07/27 16:12:00 865 
============================================================
[2022/07/27 16:12:00 865] lgi        684  SYS_MSG_LOAD  
[2022/07/27 16:12:00 866] lgi        706  SYS_MSG_REGCB  msp_status_cb  func(b0053270) 
[2022/07/27 16:12:00 866] lgi        298  LGI_MSG_INIT  
[2022/07/27 16:12:00 867] lgi        305  lgi  lgi_  268436457  1573451739  
[2022/07/27 16:12:00 867] lgi        403  token:  nil  
[2022/07/27 16:12:00 867] lgi        476  msc cver : 5.0.44.1288  
[2022/07/27 16:12:00 867] lgi        519  ns_enable=  1  
[2022/07/27 16:12:00 867] lgi        531  prot_ver=1  
[2022/07/27 16:12:00 867] lgi        542  prot_type=tcp  
[2022/07/27 16:12:00 867] lgi        693  SYS_MSG_UNLOAD  go bg!  
============================================================
Time  2022/07/27 16:14:37 705 
============================================================
[2022/07/27 16:14:37 705] lgi        684  SYS_MSG_LOAD  
[2022/07/27 16:14:37 705] lgi        706  SYS_MSG_REGCB  msp_status_cb  func(f4053260) 
[2022/07/27 16:14:37 705] lgi        298  LGI_MSG_INIT  
[2022/07/27 16:14:37 705] lgi        305  lgi  lgi_  268436457  1573451739  
[2022/07/27 16:14:37 706] lgi        403  token:  nil  
[2022/07/27 16:14:37 706] lgi        476  msc cver : 5.0.44.1288  
[2022/07/27 16:14:37 706] lgi        519  ns_enable=  1  
[2022/07/27 16:14:37 706] lgi        531  prot_ver=1  
[2022/07/27 16:14:37 706] lgi        542  prot_type=tcp  
[2022/07/27 16:14:37 707] lgi        693  SYS_MSG_UNLOAD  go bg!  
============================================================
Time  2022/07/27 16:14:51 260 
============================================================
[2022/07/27 16:14:51 260] lgi        684  SYS_MSG_LOAD  
[2022/07/27 16:14:51 260] lgi        706  SYS_MSG_REGCB  msp_status_cb  func(c0136b0) 
[2022/07/27 16:14:51 261] lgi        298  LGI_MSG_INIT  
[2022/07/27 16:14:51 261] lgi        305  lgi  lgi_  268436457  1573451739  
[2022/07/27 16:14:51 261] lgi        403  token:  nil  
[2022/07/27 16:14:51 261] lgi        476  msc cver : 5.0.44.1288  
[2022/07/27 16:14:51 261] lgi        519  ns_enable=  1  
[2022/07/27 16:14:51 261] lgi        531  prot_ver=1  
[2022/07/27 16:14:51 261] lgi        542  prot_type=tcp  
[2022/07/27 16:14:51 261] lgi        693  SYS_MSG_UNLOAD  go bg!  
============================================================
Time  2022/07/27 16:15:51 042 
============================================================
[2022/07/27 16:15:51 042] lgi        684  SYS_MSG_LOAD  
[2022/07/27 16:15:51 043] lgi        706  SYS_MSG_REGCB  msp_status_cb  func(780136b0) 
[2022/07/27 16:15:51 043] lgi        298  LGI_MSG_INIT  
[2022/07/27 16:15:51 043] lgi        305  lgi  lgi_  268436457  1573451739  
[2022/07/27 16:15:51 043] lgi        403  token:  nil  
[2022/07/27 16:15:51 043] lgi        476  msc cver : 5.0.44.1288  
[2022/07/27 16:15:51 043] lgi        519  ns_enable=  1  
[2022/07/27 16:15:51 043] lgi        531  prot_ver=1  
[2022/07/27 16:15:51 043] lgi        542  prot_type=tcp  
[2022/07/27 16:15:51 043] lgi        693  SYS_MSG_UNLOAD  go bg!  
============================================================
Time  2022/07/27 16:48:42 136 
============================================================
[2022/07/27 16:48:42 136] lgi        684  SYS_MSG_LOAD  
[2022/07/27 16:48:42 141] lgi        706  SYS_MSG_REGCB  msp_status_cb  func(740136b0) 
[2022/07/27 16:48:42 141] lgi        298  LGI_MSG_INIT  
[2022/07/27 16:48:42 141] lgi        305  lgi  lgi_  268436457  1573451739  
[2022/07/27 16:48:42 141] lgi        403  token:  nil  
[2022/07/27 16:48:42 141] lgi        476  msc cver : 5.0.44.1288  
[2022/07/27 16:48:42 141] lgi        519  ns_enable=  1  
[2022/07/27 16:48:42 141] lgi        531  prot_ver=1  
[2022/07/27 16:48:42 141] lgi        542  prot_type=tcp  
[2022/07/27 16:48:42 142] lgi        693  SYS_MSG_UNLOAD  go bg!  
[2022/07/27 16:48:42 452] lgi        697  SYS_MSG_SHUTDOWN  
============================================================
Time  2022/07/27 16:49:32 101 
============================================================
[2022/07/27 16:49:32 101] lgi        684  SYS_MSG_LOAD  
[2022/07/27 16:49:32 102] lgi        706  SYS_MSG_REGCB  msp_status_cb  func(300136b0) 
[2022/07/27 16:49:32 102] lgi        298  LGI_MSG_INIT  
[2022/07/27 16:49:32 102] lgi        305  lgi  lgi_  268436457  1573451739  
[2022/07/27 16:49:32 102] lgi        403  token:  nil  
[2022/07/27 16:49:32 102] lgi        476  msc cver : 5.0.44.1288  
[2022/07/27 16:49:32 103] lgi        519  ns_enable=  1  
[2022/07/27 16:49:32 103] lgi        531  prot_ver=1  
[2022/07/27 16:49:32 103] lgi        542  prot_type=tcp  
[2022/07/27 16:49:32 103] lgi        693  SYS_MSG_UNLOAD  go bg!  
[2022/07/27 16:49:32 411] lgi        697  SYS_MSG_SHUTDOWN  
============================================================
Time  2022/07/27 16:49:39 600 
============================================================
[2022/07/27 16:49:39 600] lgi        684  SYS_MSG_LOAD  
[2022/07/27 16:49:39 601] lgi        706  SYS_MSG_REGCB  msp_status_cb  func(4c0136b0) 
[2022/07/27 16:49:39 601] lgi        298  LGI_MSG_INIT  
[2022/07/27 16:49:39 601] lgi        305  lgi  lgi_  268436457  1573451739  
[2022/07/27 16:49:39 601] lgi        403  token:  nil  
[2022/07/27 16:49:39 602] lgi        476  msc cver : 5.0.44.1288  
[2022/07/27 16:49:39 602] lgi        519  ns_enable=  1  
[2022/07/27 16:49:39 602] lgi        531  prot_ver=1  
[2022/07/27 16:49:39 602] lgi        542  prot_type=tcp  
[2022/07/27 16:49:39 602] lgi        693  SYS_MSG_UNLOAD  go bg!  
[2022/07/27 16:49:39 910] lgi        697  SYS_MSG_SHUTDOWN  
============================================================
Time  2022/07/27 16:51:03 304 
============================================================
[2022/07/27 16:51:03 304] lgi        684  SYS_MSG_LOAD  
[2022/07/27 16:51:03 305] lgi        706  SYS_MSG_REGCB  msp_status_cb  func(fc0136b0) 
[2022/07/27 16:51:03 305] lgi        298  LGI_MSG_INIT  
[2022/07/27 16:51:03 305] lgi        305  lgi  lgi_  268436457  1573451739  
[2022/07/27 16:51:03 305] lgi        403  token:  nil  
[2022/07/27 16:51:03 305] lgi        476  msc cver : 5.0.44.1288  
[2022/07/27 16:51:03 305] lgi        519  ns_enable=  1  
[2022/07/27 16:51:03 305] lgi        531  prot_ver=1  
[2022/07/27 16:51:03 305] lgi        542  prot_type=tcp  
[2022/07/27 16:51:03 305] lgi        693  SYS_MSG_UNLOAD  go bg!  
[2022/07/27 16:51:03 613] lgi        697  SYS_MSG_SHUTDOWN  
============================================================
Time  2022/07/27 16:51:42 308 
============================================================
[2022/07/27 16:51:42 308] lgi        684  SYS_MSG_LOAD  
[2022/07/27 16:51:42 308] lgi        706  SYS_MSG_REGCB  msp_status_cb  func(580136b0) 
[2022/07/27 16:51:42 308] lgi        298  LGI_MSG_INIT  
[2022/07/27 16:51:42 308] lgi        305  lgi  lgi_  268436457  1573451739  
[2022/07/27 16:51:42 308] lgi        403  token:  nil  
[2022/07/27 16:51:42 309] lgi        476  msc cver : 5.0.44.1288  
[2022/07/27 16:51:42 309] lgi        519  ns_enable=  1  
[2022/07/27 16:51:42 309] lgi        531  prot_ver=1  
[2022/07/27 16:51:42 309] lgi        542  prot_type=tcp  
[2022/07/27 16:51:42 309] lgi        693  SYS_MSG_UNLOAD  go bg!  
============================================================
Time  2022/07/27 17:24:25 561 
============================================================
[2022/07/27 17:24:25 561] lgi        684  SYS_MSG_LOAD  
[2022/07/27 17:24:25 562] lgi        706  SYS_MSG_REGCB  msp_status_cb  func(380136b0) 
[2022/07/27 17:24:25 562] lgi        298  LGI_MSG_INIT  
[2022/07/27 17:24:25 562] lgi        305  lgi  lgi_  268436457  1573451739  
[2022/07/27 17:24:25 562] lgi        403  token:  nil  
[2022/07/27 17:24:25 562] lgi        476  msc cver : 5.0.44.1288  
[2022/07/27 17:24:25 562] lgi        519  ns_enable=  1  
[2022/07/27 17:24:25 562] lgi        531  prot_ver=1  
[2022/07/27 17:24:25 562] lgi        542  prot_type=tcp  
[2022/07/27 17:24:25 563] lgi        693  SYS_MSG_UNLOAD  go bg!  
[2022/07/27 17:24:50 609] lgi        697  SYS_MSG_SHUTDOWN  
============================================================
Time  2022/07/27 17:25:01 147 
============================================================
[2022/07/27 17:25:01 147] lgi        684  SYS_MSG_LOAD  
[2022/07/27 17:25:01 148] lgi        706  SYS_MSG_REGCB  msp_status_cb  func(ac053270) 
[2022/07/27 17:25:01 148] lgi        298  LGI_MSG_INIT  
[2022/07/27 17:25:01 148] lgi        305  lgi  lgi_  268436457  1573451739  
[2022/07/27 17:25:01 148] lgi        403  token:  nil  
[2022/07/27 17:25:01 148] lgi        476  msc cver : 5.0.44.1288  
[2022/07/27 17:25:01 148] lgi        519  ns_enable=  1  
[2022/07/27 17:25:01 148] lgi        531  prot_ver=1  
[2022/07/27 17:25:01 148] lgi        542  prot_type=tcp  
[2022/07/27 17:25:01 148] lgi        693  SYS_MSG_UNLOAD  go bg!  
============================================================
Time  2022/07/27 17:26:00 426 
============================================================
[2022/07/27 17:26:00 426] lgi        684  SYS_MSG_LOAD  
[2022/07/27 17:26:00 427] lgi        706  SYS_MSG_REGCB  msp_status_cb  func(940136b0) 
[2022/07/27 17:26:00 427] lgi        298  LGI_MSG_INIT  
[2022/07/27 17:26:00 427] lgi        305  lgi  lgi_  268436457  1573451739  
[2022/07/27 17:26:00 427] lgi        347  work_dir  .  
[2022/07/27 17:26:00 427] lgi        403  token:  nil  
[2022/07/27 17:26:00 427] lgi        476  msc cver : 5.0.44.1288  
[2022/07/27 17:26:00 427] lgi        519  ns_enable=  1  
[2022/07/27 17:26:00 427] lgi        531  prot_ver=1  
[2022/07/27 17:26:00 427] lgi        542  prot_type=tcp  
[2022/07/27 17:26:00 428] lgi        693  SYS_MSG_UNLOAD  go bg!  
[2022/07/27 17:26:59 535] lgi        697  SYS_MSG_SHUTDOWN  
============================================================
Time  2022/07/27 17:27:02 722 
============================================================
[2022/07/27 17:27:02 722] lgi        684  SYS_MSG_LOAD  
[2022/07/27 17:27:02 722] lgi        706  SYS_MSG_REGCB  msp_status_cb  func(2c0136b0) 
[2022/07/27 17:27:02 723] lgi        298  LGI_MSG_INIT  
[2022/07/27 17:27:02 723] lgi        305  lgi  lgi_  268436457  1573451739  
[2022/07/27 17:27:02 723] lgi        347  work_dir  .  
[2022/07/27 17:27:02 723] lgi        403  token:  nil  
[2022/07/27 17:27:02 723] lgi        476  msc cver : 5.0.44.1288  
[2022/07/27 17:27:02 723] lgi        519  ns_enable=  1  
[2022/07/27 17:27:02 723] lgi        531  prot_ver=1  
[2022/07/27 17:27:02 723] lgi        542  prot_type=tcp  
[2022/07/27 17:27:02 727] lgi        693  SYS_MSG_UNLOAD  go bg!  
============================================================
Time  2022/07/27 17:30:53 248 
============================================================
[2022/07/27 17:30:53 249] lgi        684  SYS_MSG_LOAD  
[2022/07/27 17:30:53 249] lgi        706  SYS_MSG_REGCB  msp_status_cb  func(600136b0) 
[2022/07/27 17:30:53 249] lgi        298  LGI_MSG_INIT  
[2022/07/27 17:30:53 249] lgi        305  lgi  lgi_  268436457  1573451739  
[2022/07/27 17:30:53 249] lgi        347  work_dir  .  
[2022/07/27 17:30:53 249] lgi        403  token:  nil  
[2022/07/27 17:30:53 249] lgi        476  msc cver : 5.0.44.1288  
[2022/07/27 17:30:53 249] lgi        519  ns_enable=  1  
[2022/07/27 17:30:53 249] lgi        531  prot_ver=1  
[2022/07/27 17:30:53 249] lgi        542  prot_type=tcp  
[2022/07/27 17:30:53 250] lgi        693  SYS_MSG_UNLOAD  go bg!  
============================================================
Time  2022/07/28 11:51:02 639 
============================================================
[2022/07/28 11:51:02 639] lgi        684  SYS_MSG_LOAD  
[2022/07/28 11:51:02 640] lgi        706  SYS_MSG_REGCB  msp_status_cb  func(6c013690) 
[2022/07/28 11:51:02 640] lgi        298  LGI_MSG_INIT  
[2022/07/28 11:51:02 641] lgi        305  lgi  lgi_  268436457  1573451739  
[2022/07/28 11:51:02 641] lgi        403  token:  nil  
[2022/07/28 11:51:02 641] lgi        476  msc cver : 5.0.44.1288  
[2022/07/28 11:51:02 641] lgi        519  ns_enable=  1  
[2022/07/28 11:51:02 641] lgi        531  prot_ver=1  
[2022/07/28 11:51:02 641] lgi        542  prot_type=tcp  
[2022/07/28 11:51:02 642] lgi        693  SYS_MSG_UNLOAD  go bg!  
============================================================
Time  2022/07/28 11:58:27 001 
============================================================
[2022/07/28 11:58:27 001] lgi        684  SYS_MSG_LOAD  
[2022/07/28 11:58:27 002] lgi        706  SYS_MSG_REGCB  msp_status_cb  func(b80136b0) 
[2022/07/28 11:58:27 002] lgi        298  LGI_MSG_INIT  
[2022/07/28 11:58:27 002] lgi        305  lgi  lgi_  268436457  1573451739  
[2022/07/28 11:58:27 002] lgi        403  token:  nil  
[2022/07/28 11:58:27 002] lgi        476  msc cver : 5.0.44.1288  
[2022/07/28 11:58:27 003] lgi        519  ns_enable=  1  
[2022/07/28 11:58:27 003] lgi        531  prot_ver=1  
[2022/07/28 11:58:27 003] lgi        542  prot_type=tcp  
[2022/07/28 11:58:27 003] lgi        693  SYS_MSG_UNLOAD  go bg!  
============================================================
Time  2022/07/28 12:16:17 574 
============================================================
[2022/07/28 12:16:17 574] lgi        684  SYS_MSG_LOAD  
[2022/07/28 12:16:17 575] lgi        706  SYS_MSG_REGCB  msp_status_cb  func(d80136b0) 
[2022/07/28 12:16:17 576] lgi        298  LGI_MSG_INIT  
[2022/07/28 12:16:17 576] lgi        305  lgi  lgi_  268436457  1573451739  
[2022/07/28 12:16:17 576] lgi        403  token:  nil  
[2022/07/28 12:16:17 576] lgi        476  msc cver : 5.0.44.1288  
[2022/07/28 12:16:17 576] lgi        519  ns_enable=  1  
[2022/07/28 12:16:17 576] lgi        531  prot_ver=1  
[2022/07/28 12:16:17 576] lgi        542  prot_type=tcp  
[2022/07/28 12:16:17 578] lgi        693  SYS_MSG_UNLOAD  go bg!  
